1 0.000000e+00
1.000000e+00 1.000000e+00 1.000000e+00
0.000000e+00 0.000000e+00 8.013338e-01 5.000000e-01 7.166667e-01
3.125000e-03 0.000000e+00 8.013338e-01 5.098105e-01 7.161222e-01
6.250000e-03 0.000000e+00 8.013338e-01 5.195789e-01 7.144925e-01
9.375000e-03 0.000000e+00 8.013338e-01 5.292635e-01 7.117881e-01
1.250000e-02 0.000000e+00 8.013338e-01 5.388229e-01 7.080268e-01
1.562500e-02 0.000000e+00 8.013338e-01 5.482159e-01 7.032330e-01
1.875000e-02 0.000000e+00 8.013338e-01 5.574025e-01 6.974381e-01
2.187500e-02 0.000000e+00 8.013338e-01 5.663433e-01 6.906800e-01
2.500000e-02 0.000000e+00 8.013338e-01 5.750000e-01 6.830029e-01
2.812500e-02 0.000000e+00 8.013338e-01 5.833355e-01 6.744568e-01
3.125000e-02 0.000000e+00 8.013338e-01 5.913142e-01 6.650976e-01
3.437500e-02 0.000000e+00 8.013338e-01 5.989019e-01 6.549864e-01
3.750000e-02 0.000000e+00 8.013338e-01 6.060660e-01 6.441894e-01
4.062500e-02 0.000000e+00 8.013338e-01 6.127760e-01 6.327770e-01
4.375000e-02 0.000000e+00 8.013338e-01 6.190030e-01 6.208238e-01
4.687500e-02 0.000000e+00 8.013338e-01 6.247204e-01 6.084080e-01
5.000000e-02 0.000000e+00 8.013338e-01 6.299038e-01 5.956105e-01
0.000000e+00 3.125000e-03 8.013338e-01 4.997591e-01 7.165328e-01
3.125000e-03 3.125000e-03 8.013338e-01 0.000000e+00 0.000000e+00
6.250000e-03 3.125000e-03 8.013338e-01 0.000000e+00 0.000000e+00
9.375000e-03 3.125000e-03 8.013338e-01 0.000000e+00 0.000000e+00
1.250000e-02 3.125000e-03 8.013338e-01 0.000000e+00 0.000000e+00
1.562500e-02 3.125000e-03 8.013338e-01 0.000000e+00 0.000000e+00
1.875000e-02 3.125000e-03 8.013338e-01 0.000000e+00 0.000000e+00
2.187500e-02 3.125000e-03 8.013338e-01 0.000000e+00 0.000000e+00
2.500000e-02 3.125000e-03 8.013338e-01 0.000000e+00 0.000000e+00
2.812500e-02 3.125000e-03 8.013338e-01 0.000000e+00 0.000000e+00
3.125000e-02 3.125000e-03 8.013338e-01 0.000000e+00 0.000000e+00
3.437500e-02 3.125000e-03 8.013338e-01 0.000000e+00 0.000000e+00
3.750000e-02 3.125000e-03 8.013338e-01 0.000000e+00 0.000000e+00
4.062500e-02 3.125000e-03 8.013338e-01 0.000000e+00 0.000000e+00
4.375000e-02 3.125000e-03 8.013338e-01 0.000000e+00 0.000000e+00
4.687500e-02 3.125000e-03 8.013338e-01 0.000000e+00 0.000000e+00
5.000000e-02 3.125000e-03 8.013338e-01 6.492777e-01 5.952625e-01
0.000000e+00 6.250000e-03 8.013338e-01 4.990369e-01 7.161314e-01
3.125000e-03 6.250000e-03 8.013338e-01 0.000000e+00 0.000000e+00
6.250000e-03 6.250000e-03 8.013338e-01 0.000000e+00 0.000000e+00
9.375000e-03 6.250000e-03 8.013338e-01 0.000000e+00 0.000000e+00
1.250000e-02 6.250000e-03 8.013338e-01 0.000000e+00 0.000000e+00
1.562500e-02 6.250000e-03 8.013338e-01 0.000000e+00 0.000000e+00
1.875000e-02 6.250000e-03 8.013338e-01 0.000000e+00 0.000000e+00
2.187500e-02 6.250000e-03 8.013338e-01 0.000000e+00 0.000000e+00
2.500000e-02 6.250000e-03 8.013338e-01 0.000000e+00 0.000000e+00
2.812500e-02 6.250000e-03 8.013338e-01 0.000000e+00 0.000000e+00
3.125000e-02 6.250000e-03 8.013338e-01 0.000000e+00 0.000000e+00
3.437500e-02 6.250000e-03 8.013338e-01 0.000000e+00 0.000000e+00
3.750000e-02 6.250000e-03 8.013338e-01 0.000000e+00 0.000000e+00
4.062500e-02 6.250000e-03 8.013338e-01 0.000000e+00 0.000000e+00
4.375000e-02 6.250000e-03 8.013338e-01 0.000000e+00 0.000000e+00
4.687500e-02 6.250000e-03 8.013338e-01 0.000000e+00 0.000000e+00
5.000000e-02 6.250000e-03 8.013338e-01 6.680494e-01 5.942197e-01
0.000000e+00 9.375000e-03 8.013338e-01 4.978353e-01 7.154628e-01
3.125000e-03 9.375000e-03 8.013338e-01 0.000000e+00 0.000000e+00
6.250000e-03 9.375000e-03 8.013338e-01 0.000000e+00 0.000000e+00
9.375000e-03 9.375000e-03 8.013338e-01 0.000000e+00 0.000000e+00
1.250000e-02 9.375000e-03 8.013338e-01 0.000000e+00 0.000000e+00
1.562500e-02 9.375000e-03 8.013338e-01 0.000000e+00 0.000000e+00
1.875000e-02 9.375000e-03 8.013338e-01 0.000000e+00 0.000000e+00
2.187500e-02 9.375000e-03 8.013338e-01 0.000000e+00 0.000000e+00
2.500000e-02 9.375000e-03 8.013338e-01 0.000000e+00 0.000000e+00
2.812500e-02 9.375000e-03 8.013338e-01 0.000000e+00 0.000000e+00
3.125000e-02 9.375000e-03 8.013338e-01 0.000000e+00 0.000000e+00
3.437500e-02 9.375000e-03 8.013338e-01 0.000000e+00 0.000000e+00
3.750000e-02 9.375000e-03 8.013338e-01 0.000000e+00 0.000000e+00
4.062500e-02 9.375000e-03 8.013338e-01 0.000000e+00 0.000000e+00
4.375000e-02 9.375000e-03 8.013338e-01 0.000000e+00 0.000000e+00
4.687500e-02 9.375000e-03 8.013338e-01 0.000000e+00 0.000000e+00
5.000000e-02 9.375000e-03 8.013338e-01 6.861005e-01 5.924852e-01
0.000000e+00 1.250000e-02 8.013338e-01 4.961571e-01 7.145279e-01
3.125000e-03 1.250000e-02 8.013338e-01 0.000000e+00 0.000000e+00
6.250000e-03 1.250000e-02 8.013338e-01 0.000000e+00 0.000000e+00
9.375000e-03 1.250000e-02 8.013338e-01 0.000000e+00 0.000000e+00
1.250000e-02 1.250000e-02 8.013338e-01 0.000000e+00 0.000000e+00
1.562500e-02 1.250000e-02 8.013338e-01 0.000000e+00 0.000000e+00
1.875000e-02 1.250000e-02 8.013338e-01 0.000000e+00 0.000000e+00
2.187500e-02 1.250000e-02 8.013338e-01 0.000000e+00 0.000000e+00
2.500000e-02 1.250000e-02 8.013338e-01 0.000000e+00 0.000000e+00
2.812500e-02 1.250000e-02 8.013338e-01 0.000000e+00 0.000000e+00
3.125000e-02 1.250000e-02 8.013338e-01 0.000000e+00 0.000000e+00
3.437500e-02 1.250000e-02 8.013338e-01 0.000000e+00 0.000000e+00
3.750000e-02 1.250000e-02 8.013338e-01 0.000000e+00 0.000000e+00
4.062500e-02 1.250000e-02 8.013338e-01 0.000000e+00 0.000000e+00
4.375000e-02 1.250000e-02 8.013338e-01 0.000000e+00 0.000000e+00
4.687500e-02 1.250000e-02 8.013338e-01 0.000000e+00 0.000000e+00
5.000000e-02 1.250000e-02 8.013338e-01 7.033151e-01 5.900643e-01
0.000000e+00 1.562500e-02 8.013338e-01 4.940063e-01 7.133275e-01
3.125000e-03 1.562500e-02 8.013338e-01 0.000000e+00 0.000000e+00
6.250000e-03 1.562500e-02 8.013338e-01 0.000000e+00 0.000000e+00
9.375000e-03 1.562500e-02 8.013338e-01 0.000000e+00 0.000000e+00
1.250000e-02 1.562500e-02 8.013338e-01 0.000000e+00 0.000000e+00
1.562500e-02 1.562500e-02 8.013338e-01 0.000000e+00 0.000000e+00
1.875000e-02 1.562500e-02 8.013338e-01 0.000000e+00 0.000000e+00
2.187500e-02 1.562500e-02 8.013338e-01 0.000000e+00 0.000000e+00
2.500000e-02 1.562500e-02 8.013338e-01 0.000000e+00 0.000000e+00
2.812500e-02 1.562500e-02 8.013338e-01 0.000000e+00 0.000000e+00
3.125000e-02 1.562500e-02 8.013338e-01 0.000000e+00 0.000000e+00
3.437500e-02 1.562500e-02 8.013338e-01 0.000000e+00 0.000000e+00
3.750000e-02 1.562500e-02 8.013338e-01 0.000000e+00 0.000000e+00
4.062500e-02 1.562500e-02 8.013338e-01 0.000000e+00 0.000000e+00
4.375000e-02 1.562500e-02 8.013338e-01 0.000000e+00 0.000000e+00
4.687500e-02 1.562500e-02 8.013338e-01 0.000000e+00 0.000000e+00
5.000000e-02 1.562500e-02 8.013338e-01 7.195809e-01 5.869643e-01
0.000000e+00 1.875000e-02 8.013338e-01 4.913881e-01 7.118630e-01
3.125000e-03 1.875000e-02 8.013338e-01 0.000000e+00 0.000000e+00
6.250000e-03 1.875000e-02 8.013338e-01 0.000000e+00 0.000000e+00
9.375000e-03 1.875000e-02 8.013338e-01 0.000000e+00 0.000000e+00
1.250000e-02 1.875000e-02 8.013338e-01 0.000000e+00 0.000000e+00
1.562500e-02 1.875000e-02 8.013338e-01 0.000000e+00 0.000000e+00
1.875000e-02 1.875000e-02 8.013338e-01 0.000000e+00 0.000000e+00
2.187500e-02 1.875000e-02 8.013338e-01 0.000000e+00 0.000000e+00
2.500000e-02 1.875000e-02 8.013338e-01 0.000000e+00 0.000000e+00
2.812500e-02 1.875000e-02 8.013338e-01 0.000000e+00 0.000000e+00
3.125000e-02 1.875000e-02 8.013338e-01 0.000000e+00 0.000000e+00
3.437500e-02 1.875000e-02 8.013338e-01 0.000000e+00 0.000000e+00
3.750000e-02 1.875000e-02 8.013338e-01 0.000000e+00 0.000000e+00
4.062500e-02 1.875000e-02 8.013338e-01 0.000000e+00 0.000000e+00
4.375000e-02 1.875000e-02 8.013338e-01 0.000000e+00 0.000000e+00
4.687500e-02 1.875000e-02 8.013338e-01 0.000000e+00 0.000000e+00
5.000000e-02 1.875000e-02 8.013338e-01 7.347895e-01 5.831948e-01
0.000000e+00 2.187500e-02 8.013338e-01 4.883088e-01 7.101359e-01
3.125000e-03 2.187500e-02 8.013338e-01 0.000000e+00 0.000000e+00
6.250000e-03 2.187500e-02 8.013338e-01 0.000000e+00 0.000000e+00
9.375000e-03 2.187500e-02 8.013338e-01 0.000000e+00 0.000000e+00
1.250000e-02 2.187500e-02 8.013338e-01 0.000000e+00 0.000000e+00
1.562500e-02 2.187500e-02 8.013338e-01 0.000000e+00 0.000000e+00
1.875000e-02 2.187500e-02 8.013338e-01 0.000000e+00 0.000000e+00
2.187500e-02 2.187500e-02 8.013338e-01 0.000000e+00 0.000000e+00
2.500000e-02 2.187500e-02 8.013338e-01 0.000000e+00 0.000000e+00
2.812500e-02 2.187500e-02 8.013338e-01 0.000000e+00 0.000000e+00
3.125000e-02 2.187500e-02 8.013338e-01 0.000000e+00 0.000000e+00
3.437500e-02 2.187500e-02 8.013338e-01 0.000000e+00 0.000000e+00
3.750000e-02 2.187500e-02 8.013338e-01 0.000000e+00 0.000000e+00
4.062500e-02 2.187500e-02 8.013338e-01 0.000000e+00 0.000000e+00
4.375000e-02 2.187500e-02 8.013338e-01 0.000000e+00 0.000000e+00
4.687500e-02 2.187500e-02 8.013338e-01 0.000000e+00 0.000000e+00
5.000000e-02 2.187500e-02 8.013338e-01 7.488373e-01 5.787670e-01
0.000000e+00 2.500000e-02 8.013338e-01 4.847759e-01 7.081481e-01
3.125000e-03 2.500000e-02 8.013338e-01 0.000000e+00 0.000000e+00
6.250000e-03 2.500000e-02 8.013338e-01 0.000000e+00 0.000000e+00
9.375000e-03 2.500000e-02 8.013338e-01 0.000000e+00 0.000000e+00
1.250000e-02 2.500000e-02 8.013338e-01 0.000000e+00 0.000000e+00
1.562500e-02 2.500000e-02 8.013338e-01 0.000000e+00 0.000000e+00
1.875000e-02 2.500000e-02 8.013338e-01 0.000000e+00 0.000000e+00
2.187500e-02 2.500000e-02 8.013338e-01 0.000000e+00 0.000000e+00
2.500000e-02 2.500000e-02 8.013338e-01 0.000000e+00 0.000000e+00
2.812500e-02 2.500000e-02 8.013338e-01 0.000000e+00 0.000000e+00
3.125000e-02 2.500000e-02 8.013338e-01 0.000000e+00 0.000000e+00
3.437500e-02 2.500000e-02 8.013338e-01 0.000000e+00 0.000000e+00
3.750000e-02 2.500000e-02 8.013338e-01 0.000000e+00 0.000000e+00
4.062500e-02 2.500000e-02 8.013338e-01 0.000000e+00 0.000000e+00
4.375000e-02 2.500000e-02 8.013338e-01 0.000000e+00 0.000000e+00
4.687500e-02 2.500000e-02 8.013338e-01 0.000000e+00 0.000000e+00
5.000000e-02 2.500000e-02 8.013338e-01 7.616260e-01 5.736945e-01
0.000000e+00 2.812500e-02 8.013338e-01 4.807979e-01 7.059018e-01
3.125000e-03 2.812500e-02 8.013338e-01 0.000000e+00 0.000000e+00
6.250000e-03 2.812500e-02 8.013338e-01 0.000000e+00 0.000000e+00
9.375000e-03 2.812500e-02 8.013338e-01 0.000000e+00 0.000000e+00
1.250000e-02 2.812500e-02 8.013338e-01 0.000000e+00 0.000000e+00
1.562500e-02 2.812500e-02 8.013338e-01 0.000000e+00 0.000000e+00
1.875000e-02 2.812500e-02 8.013338e-01 0.000000e+00 0.000000e+00
2.187500e-02 2.812500e-02 8.013338e-01 0.000000e+00 0.000000e+00
2.500000e-02 2.812500e-02 8.013338e-01 0.000000e+00 0.000000e+00
2.812500e-02 2.812500e-02 8.013338e-01 0.000000e+00 0.000000e+00
3.125000e-02 2.812500e-02 8.013338e-01 0.000000e+00 0.000000e+00
3.437500e-02 2.812500e-02 8.013338e-01 0.000000e+00 0.000000e+00
3.750000e-02 2.812500e-02 8.013338e-01 0.000000e+00 0.000000e+00
4.062500e-02 2.812500e-02 8.013338e-01 0.000000e+00 0.000000e+00
4.375000e-02 2.812500e-02 8.013338e-01 0.000000e+00 0.000000e+00
4.687500e-02 2.812500e-02 8.013338e-01 0.000000e+00 0.000000e+00
5.000000e-02 2.812500e-02 8.013338e-01 7.730637e-01 5.679925e-01
0.000000e+00 3.125000e-02 8.013338e-01 4.763843e-01 7.033992e-01
3.125000e-03 3.125000e-02 8.013338e-01 0.000000e+00 0.000000e+00
6.250000e-03 3.125000e-02 8.013338e-01 0.000000e+00 0.000000e+00
9.375000e-03 3.125000e-02 8.013338e-01 0.000000e+00 0.000000e+00
1.250000e-02 3.125000e-02 8.013338e-01 0.000000e+00 0.000000e+00
1.562500e-02 3.125000e-02 8.013338e-01 0.000000e+00 0.000000e+00
1.875000e-02 3.125000e-02 8.013338e-01 0.000000e+00 0.000000e+00
2.187500e-02 3.125000e-02 8.013338e-01 0.000000e+00 0.000000e+00
2.500000e-02 3.125000e-02 8.013338e-01 0.000000e+00 0.000000e+00
2.812500e-02 3.125000e-02 8.013338e-01 0.000000e+00 0.000000e+00
3.125000e-02 3.125000e-02 8.013338e-01 0.000000e+00 0.000000e+00
3.437500e-02 3.125000e-02 8.013338e-01 0.000000e+00 0.000000e+00
3.750000e-02 3.125000e-02 8.013338e-01 0.000000e+00 0.000000e+00
4.062500e-02 3.125000e-02 8.013338e-01 0.000000e+00 0.000000e+00
4.375000e-02 3.125000e-02 8.013338e-01 0.000000e+00 0.000000e+00
4.687500e-02 3.125000e-02 8.013338e-01 0.000000e+00 0.000000e+00
5.000000e-02 3.125000e-02 8.013338e-01 7.830648e-01 5.616784e-01
0.000000e+00 3.437500e-02 8.013338e-01 4.715457e-01 7.006431e-01
3.125000e-03 3.437500e-02 8.013338e-01 0.000000e+00 0.000000e+00
6.250000e-03 3.437500e-02 8.013338e-01 0.000000e+00 0.000000e+00
9.375000e-03 3.437500e-02 8.013338e-01 0.000000e+00 0.000000e+00
1.250000e-02 3.437500e-02 8.013338e-01 0.000000e+00 0.000000e+00
1.562500e-02 3.437500e-02 8.013338e-01 0.000000e+00 0.000000e+00
1.875000e-02 3.437500e-02 8.013338e-01 0.000000e+00 0.000000e+00
2.187500e-02 3.437500e-02 8.013338e-01 0.000000e+00 0.000000e+00
2.500000e-02 3.437500e-02 8.013338e-01 0.000000e+00 0.000000e+00
2.812500e-02 3.437500e-02 8.013338e-01 0.000000e+00 0.000000e+00
3.125000e-02 3.437500e-02 8.013338e-01 0.000000e+00 0.000000e+00
3.437500e-02 3.437500e-02 8.013338e-01 0.000000e+00 0.000000e+00
3.750000e-02 3.437500e-02 8.013338e-01 0.000000e+00 0.000000e+00
4.062500e-02 3.437500e-02 8.013338e-01 0.000000e+00 0.000000e+00
4.375000e-02 3.437500e-02 8.013338e-01 0.000000e+00 0.000000e+00
4.687500e-02 3.437500e-02 8.013338e-01 0.000000e+00 0.000000e+00
5.000000e-02 3.437500e-02 8.013338e-01 7.915510e-01 5.547710e-01
0.000000e+00 3.750000e-02 8.013338e-01 4.662939e-01 6.976365e-01
3.125000e-03 3.750000e-02 8.013338e-01 0.000000e+00 0.000000e+00
6.250000e-03 3.750000e-02 8.013338e-01 0.000000e+00 0.000000e+00
9.375000e-03 3.750000e-02 8.013338e-01 0.000000e+00 0.000000e+00
1.250000e-02 3.750000e-02 8.013338e-01 0.000000e+00 0.000000e+00
1.562500e-02 3.750000e-02 8.013338e-01 0.000000e+00 0.000000e+00
1.875000e-02 3.750000e-02 8.013338e-01 0.000000e+00 0.000000e+00
2.187500e-02 3.750000e-02 8.013338e-01 0.000000e+00 0.000000e+00
2.500000e-02 3.750000e-02 8.013338e-01 0.000000e+00 0.000000e+00
2.812500e-02 3.750000e-02 8.013338e-01 0.000000e+00 0.000000e+00
3.125000e-02 3.750000e-02 8.013338e-01 0.000000e+00 0.000000e+00
3.437500e-02 3.750000e-02 8.013338e-01 0.000000e+00 0.000000e+00
3.750000e-02 3.750000e-02 8.013338e-01 0.000000e+00 0.000000e+00
4.062500e-02 3.750000e-02 8.013338e-01 0.000000e+00 0.000000e+00
4.375000e-02 3.750000e-02 8.013338e-01 0.000000e+00 0.000000e+00
4.687500e-02 3.750000e-02 8.013338e-01 0.000000e+00 0.000000e+00
5.000000e-02 3.750000e-02 8.013338e-01 7.984520e-01 5.472911e-01
0.000000e+00 4.062500e-02 8.013338e-01 4.606415e-01 6.943826e-01
3.125000e-03 4.062500e-02 8.013338e-01 0.000000e+00 0.000000e+00
6.250000e-03 4.062500e-02 8.013338e-01 0.000000e+00 0.000000e+00
9.375000e-03 4.062500e-02 8.013338e-01 0.000000e+00 0.000000e+00
1.250000e-02 4.062500e-02 8.013338e-01 0.000000e+00 0.000000e+00
1.562500e-02 4.062500e-02 8.013338e-01 0.000000e+00 0.000000e+00
1.875000e-02 4.062500e-02 8.013338e-01 0.000000e+00 0.000000e+00
2.187500e-02 4.062500e-02 8.013338e-01 0.000000e+00 0.000000e+00
2.500000e-02 4.062500e-02 8.013338e-01 0.000000e+00 0.000000e+00
2.812500e-02 4.062500e-02 8.013338e-01 0.000000e+00 0.000000e+00
3.125000e-02 4.062500e-02 8.013338e-01 0.000000e+00 0.000000e+00
3.437500e-02 4.062500e-02 8.013338e-01 0.000000e+00 0.000000e+00
3.750000e-02 4.062500e-02 8.013338e-01 0.000000e+00 0.000000e+00
4.062500e-02 4.062500e-02 8.013338e-01 0.000000e+00 0.000000e+00
4.375000e-02 4.062500e-02 8.013338e-01 0.000000e+00 0.000000e+00
4.687500e-02 4.062500e-02 8.013338e-01 0.000000e+00 0.000000e+00
5.000000e-02 4.062500e-02 8.013338e-01 8.037054e-01 5.392610e-01
0.000000e+00 4.375000e-02 8.013338e-01 4.546021e-01 6.908849e-01
3.125000e-03 4.375000e-02 8.013338e-01 0.000000e+00 0.000000e+00
6.250000e-03 4.375000e-02 8.013338e-01 0.000000e+00 0.000000e+00
9.375000e-03 4.375000e-02 8.013338e-01 0.000000e+00 0.000000e+00
1.250000e-02 4.375000e-02 8.013338e-01 0.000000e+00 0.000000e+00
1.562500e-02 4.375000e-02 8.013338e-01 0.000000e+00 0.000000e+00
1.875000e-02 4.375000e-02 8.013338e-01 0.000000e+00 0.000000e+00
2.187500e-02 4.375000e-02 8.013338e-01 0.000000e+00 0.000000e+00
2.500000e-02 4.375000e-02 8.013338e-01 0.000000e+00 0.000000e+00
2.812500e-02 4.375000e-02 8.013338e-01 0.000000e+00 0.000000e+00
3.125000e-02 4.375000e-02 8.013338e-01 0.000000e+00 0.000000e+00
3.437500e-02 4.375000e-02 8.013338e-01 0.000000e+00 0.000000e+00
3.750000e-02 4.375000e-02 8.013338e-01 0.000000e+00 0.000000e+00
4.062500e-02 4.375000e-02 8.013338e-01 0.000000e+00 0.000000e+00
4.375000e-02 4.375000e-02 8.013338e-01 0.000000e+00 0.000000e+00
4.687500e-02 4.375000e-02 8.013338e-01 0.000000e+00 0.000000e+00
5.000000e-02 4.375000e-02 8.013338e-01 8.072575e-01 5.307048e-01
0.000000e+00 4.687500e-02 8.013338e-01 4.481902e-01 6.871470e-01
3.125000e-03 4.687500e-02 8.013338e-01 0.000000e+00 0.000000e+00
6.250000e-03 4.687500e-02 8.013338e-01 0.000000e+00 0.000000e+00
9.375000e-03 4.687500e-02 8.013338e-01 0.000000e+00 0.000000e+00
1.250000e-02 4.687500e-02 8.013338e-01 0.000000e+00 0.000000e+00
1.562500e-02 4.687500e-02 8.013338e-01 0.000000e+00 0.000000e+00
1.875000e-02 4.687500e-02 8.013338e-01 0.000000e+00 0.000000e+00
2.187500e-02 4.687500e-02 8.013338e-01 0.000000e+00 0.000000e+00
2.500000e-02 4.687500e-02 8.013338e-01 0.000000e+00 0.000000e+00
2.812500e-02 4.687500e-02 8.013338e-01 0.000000e+00 0.000000e+00
3.125000e-02 4.687500e-02 8.013338e-01 0.000000e+00 0.000000e+00
3.437500e-02 4.687500e-02 8.013338e-01 0.000000e+00 0.000000e+00
3.750000e-02 4.687500e-02 8.013338e-01 0.000000e+00 0.000000e+00
4.062500e-02 4.687500e-02 8.013338e-01 0.000000e+00 0.000000e+00
4.375000e-02 4.687500e-02 8.013338e-01 0.000000e+00 0.000000e+00
4.687500e-02 4.687500e-02 8.013338e-01 0.000000e+00 0.000000e+00
5.000000e-02 4.687500e-02 8.013338e-01 8.090639e-01 5.216478e-01
0.000000e+00 5.000000e-02 8.013338e-01 4.414214e-01 6.831730e-01
3.125000e-03 5.000000e-02 8.013338e-01 4.708466e-01 6.824145e-01
6.250000e-03 5.000000e-02 8.013338e-01 5.001089e-01 6.801433e-01
9.375000e-03 5.000000e-02 8.013338e-01 5.290462e-01 6.763730e-01
1.250000e-02 5.000000e-02 8.013338e-01 5.574985e-01 6.711257e-01
1.562500e-02 5.000000e-02 8.013338e-01 5.853081e-01 6.644324e-01
1.875000e-02 5.000000e-02 8.013338e-01 6.123215e-01 6.563324e-01
2.187500e-02 5.000000e-02 8.013338e-01 6.383893e-01 6.468737e-01
2.500000e-02 5.000000e-02 8.013338e-01 6.633677e-01 6.361118e-01
2.812500e-02 5.000000e-02 8.013338e-01 6.871189e-01 6.241101e-01
3.125000e-02 5.000000e-02 8.013338e-01 7.095123e-01 6.109393e-01
3.437500e-02 5.000000e-02 8.013338e-01 7.304247e-01 5.966768e-01
3.750000e-02 5.000000e-02 8.013338e-01 7.497416e-01 5.814064e-01
4.062500e-02 5.000000e-02 8.013338e-01 7.673574e-01 5.652180e-01
4.375000e-02 5.000000e-02 8.013338e-01 7.831760e-01 5.482063e-01
4.687500e-02 5.000000e-02 8.013338e-01 7.971117e-01 5.304713e-01
5.000000e-02 5.000000e-02 8.013338e-01 8.090893e-01 5.121168e-01
